= Carbochemostat logging =
2015-03-11 17:32:40: 0000000000000000
(Re)initialized!
2015-03-11 17:33:07: 0000000000001000
Installing reactors
2015-03-11 17:33:18: 0000000000001000
2015-03-11 17:33:55: 0110111111110100
(Re)initialized!
2015-03-11 17:36:44: 0000000000001000
Installing reactors
2015-03-11 17:36:45: 0000000000001000
2015-03-11 17:36:57: 0110111111110100
2015-03-11 17:38:44: 1010111111110100
2015-03-11 17:39:07: 0110111111110100
2015-03-11 18:03:36: 0000000000000000
(Re)initialized!
2015-03-11 18:04:13: 0000000000001000
Installing reactors
2015-03-11 18:04:17: 0000000000001000
2015-03-11 18:04:33: 0110111111110100
(Re)initialized!
2015-03-11 18:05:42: 0000000000001000
Installing reactors
2015-03-11 18:05:43: 0000000000001000
2015-03-11 18:05:49: 0110111111110100
Reactors are ready
2015-03-11 18:08:55: 0000000000001000
2015-03-11 18:20:05: 1010111111110100
2015-03-11 18:20:42: 0110111111110100
2015-03-11 18:22:35: 0110111111110100
2015-03-11 18:22:39: 0110111111110100
2015-03-11 18:22:45: 0110111100000100
2015-03-11 18:22:52: 0110111111110100
Stopped!
2015-03-11 18:24:17: 0000000000001000
(Re)initialized!
2015-03-11 18:26:10: 0000000000001000
Installing reactors
2015-03-11 18:26:19: 0000000000001000
2015-03-11 18:26:23: 0110111111110100
Reactors are ready
2015-03-11 18:29:26: 0000000000001000
2015-03-11 19:09:30: 0000000000000000
2015-03-11 19:13:53: 1010100000000000
2015-03-11 19:14:04: 0000000000000000
2015-03-11 19:15:12: 0000000011110000
2015-03-11 19:15:16: 0000000000000000
